# WARNING: atom no   16 in C:/Users/noviasari/My Research/Re-docking/GOLD/drinabant.sdf is deduced as N.pl3
           but this may be in error (check bond types of connections)
# WARNING: can't deduce type of atom 1 (currently C.3, 0) in C:/Users/noviasari/My Research/Re-docking/GOLD/drinabant.sdf# WARNING: can't deduce type of atom 7 (currently C.3, 0) in C:/Users/noviasari/My Research/Re-docking/GOLD/drinabant.sdf# WARNING: can't deduce type of atom 10 (currently C.3, 0) in C:/Users/noviasari/My Research/Re-docking/GOLD/drinabant.sdf# WARNING: can't deduce type of atom 13 (currently C.3, 0) in C:/Users/noviasari/My Research/Re-docking/GOLD/drinabant.sdf# WARNING: can't deduce type of atom 19 (currently C.3, 0) in C:/Users/noviasari/My Research/Re-docking/GOLD/drinabant.sdf# WARNING: can't deduce type of atom 20 (currently C.3, 0) in C:/Users/noviasari/My Research/Re-docking/GOLD/drinabant.sdf# WARNING: can't deduce type of atom 23 (currently C.3, 0) in C:/Users/noviasari/My Research/Re-docking/GOLD/drinabant.sdf# WARNING: can't deduce type of atom 24 (currently C.3, 0) in C:/Users/noviasari/My Research/Re-docking/GOLD/drinabant.sdf# WARNING: can't deduce type of atom 26 (currently C.3, 0) in C:/Users/noviasari/My Research/Re-docking/GOLD/drinabant.sdf# WARNING: can't deduce type of atom 27 (currently C.3, 0) in C:/Users/noviasari/My Research/Re-docking/GOLD/drinabant.sdf# WARNING: can't deduce type of atom 30 (currently C.3, 0) in C:/Users/noviasari/My Research/Re-docking/GOLD/drinabant.sdf# WARNING: can't deduce type of atom 31 (currently C.3, 0) in C:/Users/noviasari/My Research/Re-docking/GOLD/drinabant.sdf
--------------------------------------------------------------------------------
--- Ligand                                                                   ---
--------------------------------------------------------------------------------
  Ligand loaded from file                  : C:/Users/noviasari/My Research/Re-docking/GOLD/drinabant.sdf
  Ligand name                              :  
  "DRINABANT                                                                "

--------------------------------------------------------------------------------
  N.plc donors                             : 
  none found

  Acidic nitrogen acceptors                : 
  none found
  Sulfur acceptors                         :
  none found

   3 (SO2 acceptor)
   4 (SO2 acceptor)

  Donor atoms                              :      0
  
  Acceptor atoms                           :      2
  3   4   

  Hydrogens                                :  (n = 0)
    none found


  Lone pairs added to molecule             :      2
  Numbering                                : from 3 to 4

--------------------------------------------------------------------------------
--- Postprocessing of typing                                                 ---
--------------------------------------------------------------------------------
  Fragment file                            : C:/Users/noviasari/CCDC/ccdc-software/gold/GOLD\gold\rotatable_bond_override.mol2
  acylurea fragment                        : no matches
  thioacylthiourea fragment                : no matches
  acylthiourea fragment                    : no matches
  thioacylurea fragment                    : no matches
  diarylamine fragment >C.ar-NH-C.ar<      : no matches
  sec-amine (1) fragment                   : no matches
  sec-amine (2) fragment                   : no matches
  sec-amine (3) fragment                   : no matches
  carboxylic ester                         : no matches

* Rotatable bonds in C:/Users/noviasari/My Research/Re-docking/GOLD/drinabant.sdf  :
  [   2    5] [   5    6 (flip) ]     [   5   14 (flip) ]     [  16   17] 
  [  17   18] [  17   25] 
  No. of rotatable bonds                   :      6


* Fragments found in C:/Users/noviasari/My Research/Re-docking/GOLD/drinabant.sdf  :


* Checking torsion distributions:                                               
  Rotatable bond [ 1  2  5  6] matches torsion: T439
  SMARTS Pattern: [C:1][$(S(=O)=O):2]!@[NX3H0:3][C:4]
  Allowed Torsion Ranges: [-110.0 -60.0] [ 60.0 110.0] Total  100.0
  No. of matched torsions                  :      1
  %tage coverage                          :  16.667

--------------------------------------------------------------------------------
--- Shape fitting atoms selection (hydrophobic atoms)                        ---
--------------------------------------------------------------------------------
  Molecule                                 : C:/Users/noviasari/My Research/Re-docking/GOLD/drinabant.sdf
  Selection                                : carbons only
  Atom numbers                             :  (n = 0)
    none found

# WARNING: Cannot successfully map ligand into active site.


--------------------------------------------------------------------------------
--- ChemScore ligand setup summary                                           ---
--------------------------------------------------------------------------------
  ChemScore ligand acceptors               :      2
  3 4 
  ChemScore ligand donors                  :      0
  
  ChemScore ligand CH donors               :      0
  

  ChemScore ligand lipophilic atoms        :  (n = 25)
  1    6    7    8    10   11   13   14   15   17   
  18   19   20   21   22   23   24   25   26   27   
  28   29   30   31   32   

  ChemScore ligand rotatable bonds         :      6
  2   (****) - 5   (****): SP2_SP2_BOND
  5   (****) - 6   (****): SP2_SP2_BOND
  5   (****) - 14  (****): SP2_SP2_BOND
  16  (****) - 17  (****): SP2_SP2_BOND
  17  (****) - 18  (****): SP2_SP2_BOND
  17  (****) - 25  (****): SP2_SP2_BOND

--------------------------------------------------------------------------------
--- PLP ligand setup summary                                                 ---
--------------------------------------------------------------------------------
    1  ****   C.3 NONPOLAR
    2  ****  S.o2 NONPOLAR
    3  ****   O.2 ACCEPTOR
    4  ****   O.2 ACCEPTOR
    5  **** N.pl3 NONPOLAR
    6  ****   C.2 NONPOLAR
    7  ****   C.3 NONPOLAR
    8  ****   C.2 NONPOLAR
    9  ****     F NONPOLAR
   10  ****   C.3 NONPOLAR
   11  ****   C.2 NONPOLAR
   12  ****     F NONPOLAR
   13  ****   C.3 NONPOLAR
   14  ****  C.ar NONPOLAR
   15  ****   C.3 NONPOLAR
   16  **** N.pl3 NONPOLAR
   17  ****   C.2 NONPOLAR
   18  ****   C.2 NONPOLAR
   19  ****   C.3 NONPOLAR
   20  ****   C.3 NONPOLAR
   21  ****   C.2 NONPOLAR
   22  ****    Cl NONPOLAR
   23  ****   C.3 NONPOLAR
   24  ****   C.3 NONPOLAR
   25  ****   C.2 NONPOLAR
   26  ****   C.3 NONPOLAR
   27  ****   C.3 NONPOLAR
   28  ****   C.2 NONPOLAR
   29  ****    Cl NONPOLAR
   30  ****   C.3 NONPOLAR
   31  ****   C.3 NONPOLAR
   32  ****   C.3 NONPOLAR
********************************* Ligand Error ************************** 
   Ligand from file C:/Users/noviasari/My Research/Re-docking/GOLD/drinabant.sdf
   number 1
   name DRINABANT
   file start point 0
   Error message: Insufficient mapping points to define a 3D mapping
   Please note that warnings listed in the file D:/PhD Research/MDM2 Project/Re-docking\gold.err
   may give you more information as to the nature
   of the problem with this ligand
************************************************************************* 
  Skipping Ligand                          : C:/Users/noviasari/My Research/Re-docking/GOLD/drinabant.sdf
--------------------------------------------------------------------------------

