# WARNING: atom   11 in C:/Users/noviasari/My Research/Re-docking/GOLD/meppep.sdf is deduced as an acidic nitrogen
# WARNING: can't deduce type of atom 1 (currently C.3, 0) in C:/Users/noviasari/My Research/Re-docking/GOLD/meppep.sdf# WARNING: can't deduce type of atom 4 (currently C.3, 0) in C:/Users/noviasari/My Research/Re-docking/GOLD/meppep.sdf# WARNING: can't deduce type of atom 5 (currently C.3, 0) in C:/Users/noviasari/My Research/Re-docking/GOLD/meppep.sdf# WARNING: can't deduce type of atom 6 (currently C.3, 0) in C:/Users/noviasari/My Research/Re-docking/GOLD/meppep.sdf# WARNING: can't deduce type of atom 13 (currently C.3, 0) in C:/Users/noviasari/My Research/Re-docking/GOLD/meppep.sdf# WARNING: can't deduce type of atom 15 (currently C.3, 0) in C:/Users/noviasari/My Research/Re-docking/GOLD/meppep.sdf# WARNING: can't deduce type of atom 16 (currently C.3, 0) in C:/Users/noviasari/My Research/Re-docking/GOLD/meppep.sdf# WARNING: can't deduce type of atom 17 (currently C.3, 0) in C:/Users/noviasari/My Research/Re-docking/GOLD/meppep.sdf# WARNING: can't deduce type of atom 18 (currently C.3, 0) in C:/Users/noviasari/My Research/Re-docking/GOLD/meppep.sdf# WARNING: can't deduce type of atom 19 (currently C.3, 0) in C:/Users/noviasari/My Research/Re-docking/GOLD/meppep.sdf# WARNING: can't deduce type of atom 24 (currently C.3, 0) in C:/Users/noviasari/My Research/Re-docking/GOLD/meppep.sdf# WARNING: can't deduce type of atom 25 (currently C.3, 0) in C:/Users/noviasari/My Research/Re-docking/GOLD/meppep.sdf# WARNING: can't deduce type of atom 31 (currently C.3, 0) in C:/Users/noviasari/My Research/Re-docking/GOLD/meppep.sdf# WARNING: can't deduce type of atom 32 (currently C.3, 0) in C:/Users/noviasari/My Research/Re-docking/GOLD/meppep.sdf# WARNING: can't deduce type of atom 33 (currently C.3, 0) in C:/Users/noviasari/My Research/Re-docking/GOLD/meppep.sdf
--------------------------------------------------------------------------------
--- Ligand                                                                   ---
--------------------------------------------------------------------------------
  Ligand loaded from file                  : C:/Users/noviasari/My Research/Re-docking/GOLD/meppep.sdf
  Ligand name                              :  
  "MEPPEP                                                                   "

--------------------------------------------------------------------------------
  N.plc donors                             : 
  none found

  Acidic nitrogen acceptors                : 

  11   
  Sulfur acceptors                         :
  none found


  Donor atoms                              :      0
  
  Acceptor atoms                           :      3
  2   11  21  

  Hydrogens                                :  (n = 0)
    none found


  Lone pairs added to molecule             :      5
  Numbering                                : from 34 to 38

--------------------------------------------------------------------------------
--- Postprocessing of typing                                                 ---
--------------------------------------------------------------------------------
  Fragment file                            : C:/Users/noviasari/CCDC/ccdc-software/gold/GOLD\gold\rotatable_bond_override.mol2
  acylurea fragment                        : no matches
  thioacylthiourea fragment                : no matches
  acylthiourea fragment                    : no matches
  thioacylurea fragment                    : no matches
  diarylamine fragment >C.ar-NH-C.ar<      : no matches
  sec-amine (1) fragment                   : no matches
  sec-amine (2) fragment                   : no matches
  sec-amine (3) fragment                   : no matches
  carboxylic ester                         : no matches

* Rotatable bonds in C:/Users/noviasari/My Research/Re-docking/GOLD/meppep.sdf  :
  [   2    3] [   8    7] [  10   11] [  11   12] 
  [  12   14] [  22   23] [  26   27] 
  No. of rotatable bonds                   :      7


* Fragments found in C:/Users/noviasari/My Research/Re-docking/GOLD/meppep.sdf  :


* Checking torsion distributions:                                               
  Rotatable bond [20 22 23 24] matches torsion: T345
  SMARTS Pattern: [$(C=O):1][NX3H0:2]!@[CX3:3]=[*H0:4]
  Allowed Torsion Ranges: [-180.0 -150.0] [-10.0  10.0] [150.0 180.0] Total   80.0
  No. of matched torsions                  :      1
  %tage coverage                          :  14.286

--------------------------------------------------------------------------------
--- Shape fitting atoms selection (hydrophobic atoms)                        ---
--------------------------------------------------------------------------------
  Molecule                                 : C:/Users/noviasari/My Research/Re-docking/GOLD/meppep.sdf
  Selection                                : carbons only
  Atom numbers                             :  (n = 0)
    none found



--------------------------------------------------------------------------------
--- ChemScore ligand setup summary                                           ---
--------------------------------------------------------------------------------
  ChemScore ligand acceptors               :      3
  2 11 [-] 21 
  ChemScore ligand donors                  :      0
  
  ChemScore ligand CH donors               :      0
  

  ChemScore ligand lipophilic atoms        :  (n = 25)
  1    3    4    5    6    7    8    9    10   12   
  13   14   15   16   17   18   19   23   24   25   
  26   27   31   32   33   

  ChemScore ligand rotatable bonds         :      7
  2   (****) - 3   (****): SP3_SP2_BOND
  8   (****) - 7   (****): SP2_SP2_BOND
  10  (****) - 11  (****): SP2_SP2_BOND
  11  (****) - 12  (****): SP2_SP2_BOND
  12  (****) - 14  (****): SP2_SP2_BOND
  22  (****) - 23  (****): SP2_SP2_BOND
  26  (****) - 27  (****): SP3_SP2_BOND

--------------------------------------------------------------------------------
--- PLP ligand setup summary                                                 ---
--------------------------------------------------------------------------------
    1  ****   C.3 NONPOLAR
    2  ****   O.3 ACCEPTOR
    3  ****   C.2 NONPOLAR
    4  ****   C.3 NONPOLAR
    5  ****   C.3 NONPOLAR
    6  ****   C.3 NONPOLAR
    7  ****   C.2 NONPOLAR
    8  ****  C.ar NONPOLAR
    9  ****   C.3 NONPOLAR
   10  ****  C.ar NONPOLAR
   11  **** N.pl3 ACCEPTOR
   12  ****   C.2 NONPOLAR
   13  ****   C.3 NONPOLAR
   14  ****   C.2 NONPOLAR
   15  ****   C.3 NONPOLAR
   16  ****   C.3 NONPOLAR
   17  ****   C.3 NONPOLAR
   18  ****   C.3 NONPOLAR
   19  ****   C.3 NONPOLAR
   20  ****   C.2 NONPOLAR
   21  ****   O.2 ACCEPTOR
   22  ****  N.am NONPOLAR
   23  ****   C.2 NONPOLAR
   24  ****   C.3 NONPOLAR
   25  ****   C.3 NONPOLAR
   26  ****   C.2 NONPOLAR
   27  ****   C.3 NONPOLAR
   28  ****     F NONPOLAR
   29  ****     F NONPOLAR
   30  ****     F NONPOLAR
   31  ****   C.3 NONPOLAR
   32  ****   C.3 NONPOLAR
   33  ****   C.3 NONPOLAR

--------------------------------------------------------------------------------
--- Automatic parameter setting                                              ---
--------------------------------------------------------------------------------
  Contribution base                        :   2500
  Contribution per rotatable bond          :   6000
  Contribution per df                      :   4000
  Contribution per water                   :  10000
  Ligand rotatable bonds                   :      7
  Protein flexible side chain bonds        :      0
  Total rotatable bonds                    :      7
  Hydrophobic vol ratio (P/L)              :   1.000
  Base multiplier (polar)                  :   0.600
  Base multiplier (apolar)                 :   0.000
  Base contribution                        : 1250.000
  Fitting points                           :      3
  Estimated maxops needed (optimal)        :  43500
  Autoscale factor (in percent)            :     50
  Scaled maxops                            :  22000

--------------------------------------------------------------------------------

* Population settings                                                           
  maxops                                   :  22000
  popsiz                                   :    100
  select_pressure                          :   1.100
  n_islands                                :      2
  niche_siz                                :      2

* GA settings                                                                   
  pt_crosswt                               :     95
  allele_mutatewt                          :     95
  migratewt                                :     10

* Search settings                                                               
  start_vdw_linear_cutoff                  :   4.000
  initial_virtual_pt_match_max             :   3.000

--------------------------------------------------------------------------------

* Ligand initialisation time :                                                  
  total  0.0000 user  0.0000 sys  0.0000

--------------------------------------------------------------------------------

--------------------------------------------------------------------------------
** Docking run number  1 **
--------------------------------------------------------------------------------
  Rank fitness base is 5000.00 ; increment is 11.2233

* Initialising population(s) ...                                                
Number of constraints mappings 0
Number of constraints 0
  Population no.                           :      1
  Population size                          :    100
  Number of duplicates                     :      0
  Number of niche violations               :      0
  Number of errors                         :  11349

Number of constraints mappings 0
Number of constraints 0
  Population no.                           :      2
  Population size                          :    100
  Number of duplicates                     :      0
  Number of niche violations               :      0
  Number of errors                         :  11371


Doing GA, no. of population(s) 2 size 100 selection pressure 1.100000

 Operation      Score     S(PLP)   S(hbond)     S(cho)   S(metal)  DE(clash)   DE(tors)     intcor
         0     -25.39      -7.21       0.00       0.00       0.00      32.85       2.16       4.58
       208     -21.51     -14.50       0.00       0.00       0.00      37.18       1.71       4.58
       404     -15.39     -12.04       0.00       0.00       0.00      26.52       2.75       4.58
       454       1.61     -12.05       0.00       0.00       0.00       9.83       2.60       4.58
      1089       4.67      -8.07       0.00       0.00       0.00       0.00       3.99       4.58
      1352       6.04     -16.54       0.00       0.00       0.00       9.36       2.86       4.58
      1832      11.47     -16.66       0.00       0.00       0.00       3.43       3.18       4.58
      2656      12.95     -15.11       0.00       0.00       0.00       0.00       3.38       4.58
      2787      17.13     -20.46       0.00       0.00       0.00       0.27       3.82       4.58
      4436      22.67     -18.84       2.50       0.00       0.00       2.51       2.87       4.58
      5544      23.35     -19.04       2.50       0.00       0.00       2.51       2.63       4.58
      5944      23.90     -22.75       1.61       0.00       0.00       2.51       2.87       4.58
      6927      24.83     -21.80       2.08       0.00       0.00       1.89       2.96       4.58
      8246      28.28     -28.58       0.00       0.00       0.00       0.00       2.42       4.53
     10601      28.77     -30.26       0.00       0.00       0.00       0.00       2.75       4.00
     11647      28.79     -30.10       0.00       0.00       0.00       0.00       2.66       4.00
     11715      29.40     -30.17       0.00       0.00       0.00       0.00       2.39       4.00
     13409      29.40     -30.17       0.00       0.00       0.00       0.00       2.39       4.00
     14365      29.56     -30.30       0.00       0.00       0.00       0.00       2.37       4.00
     14531      29.65     -30.54       0.00       0.00       0.00       0.00       2.44       4.00
     14763      30.32     -31.20       0.00       0.00       0.00       0.00       2.44       4.00
--------------------------------------------------------------------------------
Best docking solution after GA:
     22000      30.32     -31.20       0.00       0.00       0.00       0.00       2.44       3.74

#ops:      22000 #mutates:  10435 #cross:    10421 #migrate:   1144 
#dups:     11451 #niche:     9221 #errors:    4154 
--------------------------------------------------------------------------------

Doing AMOEBA simplex on best individual
Done simplexing #iterations 1727, best score  54.88

Ligand is stored in gold_soln_meppep_m1_1.sdf


--------------------------------------------------------------------------------
--- CHEMPLP breakdown of terms                                               ---
--------------------------------------------------------------------------------
CHEMPLP = - ( 1.0000*S(PLP) + -3.0000*S(hbond) + -6.0000*S(metal) + -3.0000*S(cho) )

Score = CHEMPLP - 1.0000*DE(clash) - 2.0000*DE(tors)

Internal energy term has been corrected with the best internal energy encountered.

--------------------------------------------------------------------------------


     Score     S(PLP)   S(hbond)     S(cho)   S(metal)  DE(clash)   DE(tors)     intcor
     54.88     -54.39       0.34       0.00       0.00       0.00       2.13       3.74

--------------------------------------------------------------------------------
--- PLP analysis of protein-ligand interactions                              ---
--------------------------------------------------------------------------------
hydrogen bonding        :      -2.57
metal                   :       0.00
buried (polar-nonpolar) :      -2.36
nonpolar                :     -51.05
repulsive               :       0.28
--------------------------------------------------------------------------------


--------------------------------------------------------------------------------
--- ChemScore analysis of protein-ligand interactions                        ---
--------------------------------------------------------------------------------

* Hydrogen bonds                                                                
Protein donor  642 hydrogen 3253 Ligand acceptor    2 bond energy  1.00 wt 0.34


* CH..O interactions                                                            
  CH group selection                       : activated ring CH (adjacent to hetatom)

--------------------------------------------------------------------------------


--------------------------------------------------------------------------------
--- Intra-ligand clashes                                                     ---
--------------------------------------------------------------------------------

Ligand
--------------------------------------------------------------------------------


--------------------------------------------------------------------------------
--- Chromosome decoded                                                       ---
--------------------------------------------------------------------------------
Ligand Torsions
[   1    2    3    4]   66.82
[   6    7    8    9] -125.35
[  12   11   10    9]  160.49
[  13   12   11   10]  -38.74
[  15   14   12   11]    9.66
[  20   22   23   24] -152.68    matched torsion: T345
[  28   27   26   25]  108.77
Protein Torsions
[1932    1    2    3]  153.94 
[1726  314  313  311]  -45.03 
[1619  347  346  344]  129.39 
[1600  369  368  365]  109.00 
[2112  410  409  407]  104.97 
[2483  607  606  603] -142.37 
[2515  623  622  621]   26.31 
Mapping
Ligand acceptors to protein hydrogens (mapping then atom ids)
  1   4 [  2->1929]
  2  36 [ 11->2517]
  3  22 [ 21->2149]
Chromosome values
Integers:
   3   35   21 
--------------------------------------------------------------------------------

Current Ranking  1

--------------------------------------------------------------------------------

* GA execution time :                                                           
  total  0.0003 user  0.0003 sys  0.0000

--------------------------------------------------------------------------------
Fitness function evaluations: 61556

--------------------------------------------------------------------------------
** Docking run number  2 **
--------------------------------------------------------------------------------
  Rank fitness base is 5000.00 ; increment is 11.2233

* Initialising population(s) ...                                                
Number of constraints mappings 0
Number of constraints 0
  Population no.                           :      1
  Population size                          :    100
  Number of duplicates                     :      0
  Number of niche violations               :      1
  Number of errors                         :  11634

Number of constraints mappings 0
Number of constraints 0
  Population no.                           :      2
  Population size                          :    100
  Number of duplicates                     :      0
  Number of niche violations               :      0
  Number of errors                         :  11266


Doing GA, no. of population(s) 2 size 100 selection pressure 1.100000

 Operation      Score     S(PLP)   S(hbond)     S(cho)   S(metal)  DE(clash)   DE(tors)     intcor
         0     -20.82       3.65       2.02       0.00       0.00      18.31       4.33       3.74
        36     -18.63       3.55       0.00       0.00       0.00      10.96       3.93       3.74
        38     -14.87       2.99       2.02       0.00       0.00      12.66       4.51       3.74
       666     -12.97      14.04       1.71       0.00       0.00       0.00       3.90       3.74
       698      -4.80     -11.98       0.00       0.00       0.00      13.06       3.73       3.74
       742      -4.39     -10.94       0.00       0.00       0.00       9.62       4.73       3.74
       766       1.38       0.63       2.02       0.00       0.00       0.00       3.90       3.74
      1292       3.30     -10.49       0.00       0.00       0.00       0.00       5.46       3.74
      1440      19.70     -20.19       1.19       0.00       0.00       0.00       3.90       3.74
      2566      19.88     -19.38       1.52       0.00       0.00       0.00       3.90       3.74
      2642      20.73     -20.55       1.19       0.00       0.00       0.00       3.56       3.74
      4332      25.70     -30.36       0.00       0.00       0.00       3.57       2.42       3.74
      4396      25.72     -30.53       0.00       0.00       0.00       3.57       2.49       3.74
      4874      26.59     -31.68       0.00       0.00       0.00       4.28       2.27       3.74
     10122      26.59     -31.65       0.00       0.00       0.00       4.28       2.26       3.74
     10126      26.75     -31.49       0.00       0.00       0.00       3.41       2.54       3.74
     12356      26.92     -28.55       0.00       0.00       0.00       0.00       2.68       3.74
     13688      27.25     -31.91       0.00       0.00       0.00       3.38       2.51       3.74
     16096      27.28     -28.84       0.00       0.00       0.00       0.00       2.65       3.74
     16172      27.46     -29.02       0.00       0.00       0.00       0.00       2.65       3.74
     18032      27.51     -29.06       0.00       0.00       0.00       0.00       2.64       3.74
     19077      28.89     -31.22       0.12       0.00       0.00       0.00       3.21       3.74
     19581      28.91     -31.36       0.12       0.00       0.00       0.00       3.27       3.74
     19737      29.10     -31.00       0.12       0.00       0.00       0.00       3.00       3.74
     20447      29.10     -31.00       0.12       0.00       0.00       0.00       3.00       3.74
     20471      29.65     -31.66       0.12       0.00       0.00       0.00       3.05       3.74
     21179      29.72     -31.37       0.12       0.00       0.00       0.00       2.87       3.74
     21281      29.98     -31.70       0.12       0.00       0.00       0.00       2.91       3.74
     21417      30.11     -31.83       0.12       0.00       0.00       0.00       2.91       3.74
--------------------------------------------------------------------------------
Best docking solution after GA:
     22000      30.11     -31.83       0.12       0.00       0.00       0.00       2.91       3.74

#ops:      22000 #mutates:  10367 #cross:    10534 #migrate:   1099 
#dups:     11459 #niche:     9675 #errors:    4281 
--------------------------------------------------------------------------------

Doing AMOEBA simplex on best individual
Done simplexing #iterations 955, best score  39.26

Ligand is stored in gold_soln_meppep_m1_2.sdf


--------------------------------------------------------------------------------
--- CHEMPLP breakdown of terms                                               ---
--------------------------------------------------------------------------------
CHEMPLP = - ( 1.0000*S(PLP) + -3.0000*S(hbond) + -6.0000*S(metal) + -3.0000*S(cho) )

Score = CHEMPLP - 1.0000*DE(clash) - 2.0000*DE(tors)

Internal energy term has been corrected with the best internal energy encountered.

--------------------------------------------------------------------------------


     Score     S(PLP)   S(hbond)     S(cho)   S(metal)  DE(clash)   DE(tors)     intcor
     39.26     -40.39       0.32       0.00       0.00       0.00       2.92       3.74

--------------------------------------------------------------------------------
--- PLP analysis of protein-ligand interactions                              ---
--------------------------------------------------------------------------------
hydrogen bonding        :      -1.00
metal                   :       0.00
buried (polar-nonpolar) :      -5.69
nonpolar                :     -34.21
repulsive               :       0.32
--------------------------------------------------------------------------------


--------------------------------------------------------------------------------
--- ChemScore analysis of protein-ligand interactions                        ---
--------------------------------------------------------------------------------

* Hydrogen bonds                                                                
Protein donor  446 hydrogen 2149 Ligand acceptor   21 bond energy  1.00 wt 0.32


* CH..O interactions                                                            
  CH group selection                       : activated ring CH (adjacent to hetatom)

--------------------------------------------------------------------------------


--------------------------------------------------------------------------------
--- Intra-ligand clashes                                                     ---
--------------------------------------------------------------------------------

Ligand
--------------------------------------------------------------------------------


--------------------------------------------------------------------------------
--- Chromosome decoded                                                       ---
--------------------------------------------------------------------------------
Ligand Torsions
[   1    2    3    4]  -59.64
[   6    7    8    9]  -87.44
[  12   11   10    9]   94.21
[  13   12   11   10]   17.33
[  15   14   12   11]    8.02
[  20   22   23   24] -150.04    matched torsion: T345
[  28   27   26   25]  111.62
Protein Torsions
[1932    1    2    3]  -12.61 
[1726  314  313  311]  -34.16 
[1619  347  346  344]  -18.66 
[1600  369  368  365]  164.31 
[2112  410  409  407]  -70.87 
[2483  607  606  603] -169.60 
[2515  623  622  621] -169.82 
Mapping
Ligand acceptors to protein hydrogens (mapping then atom ids)
  1  39 [  2->3253]
  2  34 [ 11->2515]
  3  22 [ 21->2149]
Chromosome values
Integers:
  38   33   21 
--------------------------------------------------------------------------------

Current Ranking  1  2

--------------------------------------------------------------------------------

* GA execution time :                                                           
  total  0.9993 user  0.9993 sys  0.0000

--------------------------------------------------------------------------------
Fitness function evaluations: 60936

--------------------------------------------------------------------------------
** Docking run number  3 **
--------------------------------------------------------------------------------
  Rank fitness base is 5000.00 ; increment is 11.2233

* Initialising population(s) ...                                                
Number of constraints mappings 0
Number of constraints 0
  Population no.                           :      1
  Population size                          :    100
  Number of duplicates                     :      0
  Number of niche violations               :      0
  Number of errors                         :  11722

Number of constraints mappings 0
Number of constraints 0
  Population no.                           :      2
  Population size                          :    100
  Number of duplicates                     :      0
  Number of niche violations               :      1
  Number of errors                         :  11642


Doing GA, no. of population(s) 2 size 100 selection pressure 1.100000

 Operation      Score     S(PLP)   S(hbond)     S(cho)   S(metal)  DE(clash)   DE(tors)     intcor
         0     -18.33      -3.64       0.00       0.00       0.00      19.27       3.22       3.74
        82     -16.67      -5.31       0.00       0.00       0.00      19.27       3.22       3.74
       830       4.19     -10.18       0.00       0.00       0.00       0.15       4.79       3.74
      1244       6.22     -10.18       0.00       0.00       0.00       0.15       3.77       3.74
      1710       6.36     -10.23       0.00       0.00       0.00       0.15       3.73       3.74
      1838       6.62     -10.58       0.00       0.00       0.00       0.15       3.77       3.74
      2409       9.89     -13.00       0.00       0.00       0.00       0.00       3.42       3.74
      2581      10.89      -7.74       2.54       0.00       0.00       4.12       2.05       3.74
      2867      13.58     -10.95       2.24       0.00       0.00       4.12       1.85       3.74
      3675      14.17     -10.70       2.24       0.00       0.00       3.22       1.89       3.74
      4481      14.32     -12.07       1.83       0.00       0.00       3.22       1.89       3.74
      6171      17.49     -20.74       0.00       0.00       0.00       0.71       3.14       3.74
      7635      18.89     -20.37       0.46       0.00       0.00       0.00       3.30       3.74
      7680      21.43     -24.08       0.00       0.00       0.00       0.25       3.07       3.74
      8279      21.46     -23.99       0.00       0.00       0.00       0.25       3.01       3.74
      9405      22.47     -23.63       0.00       0.00       0.00       0.25       2.33       3.74
     11011      22.82     -23.98       0.00       0.00       0.00       0.25       2.33       3.74
     12130      22.99     -22.98       0.73       0.00       0.00       0.00       2.96       3.74
     12792      23.19     -23.28       0.73       0.00       0.00       0.00       3.01       3.74
     12798      23.58     -23.53       0.73       0.00       0.00       0.00       2.94       3.74
     15013      24.53     -26.90       0.68       0.00       0.00       0.00       4.08       3.74
     17199      24.54     -26.99       0.66       0.00       0.00       0.00       4.08       3.74
     18812      26.92     -29.51       0.50       0.00       0.00       0.00       3.92       3.74
     19606      27.04     -29.49       0.50       0.00       0.00       0.00       3.85       3.74
     20192      27.19     -28.61       0.50       0.00       0.00       0.00       3.33       3.74
     20522      31.29     -33.03       0.50       0.00       0.00       0.27       3.36       3.74
     20724      31.55     -33.21       0.50       0.00       0.00       0.18       3.37       3.74
     21086      34.13     -35.58       0.58       0.00       0.00       0.18       3.37       3.74
--------------------------------------------------------------------------------
Best docking solution after GA:
     22000      34.13     -35.58       0.58       0.00       0.00       0.18       3.37       3.74

#ops:      22000 #mutates:  10461 #cross:    10472 #migrate:   1067 
#dups:     11510 #niche:     9556 #errors:    4321 
--------------------------------------------------------------------------------

Doing AMOEBA simplex on best individual
Done simplexing #iterations 1048, best score  42.17

Ligand is stored in gold_soln_meppep_m1_3.sdf


--------------------------------------------------------------------------------
--- CHEMPLP breakdown of terms                                               ---
--------------------------------------------------------------------------------
CHEMPLP = - ( 1.0000*S(PLP) + -3.0000*S(hbond) + -6.0000*S(metal) + -3.0000*S(cho) )

Score = CHEMPLP - 1.0000*DE(clash) - 2.0000*DE(tors)

Internal energy term has been corrected with the best internal energy encountered.

--------------------------------------------------------------------------------


     Score     S(PLP)   S(hbond)     S(cho)   S(metal)  DE(clash)   DE(tors)     intcor
     42.17     -41.61       0.38       0.00       0.00       0.00       2.17       3.74

--------------------------------------------------------------------------------
--- PLP analysis of protein-ligand interactions                              ---
--------------------------------------------------------------------------------
hydrogen bonding        :      -1.00
metal                   :       0.00
buried (polar-nonpolar) :      -3.30
nonpolar                :     -36.74
repulsive               :       0.13
--------------------------------------------------------------------------------


--------------------------------------------------------------------------------
--- ChemScore analysis of protein-ligand interactions                        ---
--------------------------------------------------------------------------------

* Hydrogen bonds                                                                
Protein donor  607 hydrogen 2483 Ligand acceptor   21 bond energy  1.00 wt 0.38


* CH..O interactions                                                            
  CH group selection                       : activated ring CH (adjacent to hetatom)

--------------------------------------------------------------------------------


--------------------------------------------------------------------------------
--- Intra-ligand clashes                                                     ---
--------------------------------------------------------------------------------

Ligand
--------------------------------------------------------------------------------


--------------------------------------------------------------------------------
--- Chromosome decoded                                                       ---
--------------------------------------------------------------------------------
Ligand Torsions
[   1    2    3    4]   -2.67
[   6    7    8    9]  116.39
[  12   11   10    9] -153.24
[  13   12   11   10]   38.38
[  15   14   12   11]  -23.56
[  20   22   23   24]   -8.93    matched torsion: T345
[  28   27   26   25]  110.95
Protein Torsions
[1932    1    2    3]  135.05 
[1726  314  313  311]   -3.70 
[1619  347  346  344]   76.98 
[1600  369  368  365]   99.49 
[2112  410  409  407]  -90.36 
[2483  607  606  603] -167.29 
[2515  623  622  621]  176.07 
Mapping
Ligand acceptors to protein hydrogens (mapping then atom ids)
  1  36 [  2->2517]
  2  26 [ 11->3252]
  3  31 [ 21->2483]
Chromosome values
Integers:
  35   25   30 
--------------------------------------------------------------------------------

Current Ranking  1  3  2

--------------------------------------------------------------------------------

* GA execution time :                                                           
  total  0.0003 user  0.0003 sys  0.0000

--------------------------------------------------------------------------------
Fitness function evaluations: 61288

--------------------------------------------------------------------------------
** Docking run number  4 **
--------------------------------------------------------------------------------
  Rank fitness base is 5000.00 ; increment is 11.2233

* Initialising population(s) ...                                                
Number of constraints mappings 0
Number of constraints 0
  Population no.                           :      1
  Population size                          :    100
  Number of duplicates                     :      0
  Number of niche violations               :      0
  Number of errors                         :  11581

Number of constraints mappings 0
Number of constraints 0
  Population no.                           :      2
  Population size                          :    100
  Number of duplicates                     :      0
  Number of niche violations               :      0
  Number of errors                         :  11441


Doing GA, no. of population(s) 2 size 100 selection pressure 1.100000

 Operation      Score     S(PLP)   S(hbond)     S(cho)   S(metal)  DE(clash)   DE(tors)     intcor
         0     -27.42      -6.15       0.00       0.00       0.00      32.43       2.44       3.74
       153     -26.77      17.25       0.63       0.00       0.00       6.16       4.49       3.74
       221     -15.19     -10.05       0.00       0.00       0.00      21.38       3.80       3.74
       232     -11.72       4.47       0.00       0.00       0.00       0.00       5.49       3.74
       742      -4.07      -7.87       0.00       0.00       0.00       8.56       3.56       3.74
       759       9.94     -14.37       0.00       0.00       0.00       0.02       4.08       3.74
      3042      10.32     -16.39       0.00       0.00       0.00       3.82       2.99       3.74
      3143      10.43     -14.98       0.00       0.00       0.00       0.16       4.07       3.74
      3609      11.67     -14.00       0.00       0.00       0.00       0.05       3.01       3.74
      4182      12.04     -17.94       0.00       0.00       0.00       3.82       2.91       3.74
      4552      12.66     -17.94       0.00       0.00       0.00       3.82       2.60       3.74
      5462      14.12     -17.90       0.00       0.00       0.00       0.00       3.76       3.74
      6206      14.33     -18.11       0.00       0.00       0.00       0.00       3.76       3.74
      7194      14.86     -16.54       0.00       0.00       0.00       0.00       2.71       3.74
      7713      15.25     -18.30       0.00       0.00       0.00       0.41       3.19       3.74
      8969      15.89     -18.18       0.00       0.00       0.00       0.00       3.01       3.74
      9387      16.38     -18.67       0.00       0.00       0.00       0.00       3.01       3.74
      9954      16.84     -19.44       0.00       0.00       0.00       0.25       3.05       3.74
     10398      19.80     -20.95       0.88       0.00       0.00       0.00       3.76       3.74
     11966      20.24     -20.96       0.88       0.00       0.00       1.72       2.69       3.74
     12822      21.76     -21.30       0.81       0.00       0.00       0.08       2.82       3.74
     14902      21.93     -24.38       0.00       0.00       0.00       0.16       3.01       3.74
     15309      23.12     -25.77       0.00       0.00       0.00       0.00       3.19       3.74
     15793      23.89     -23.73       0.71       0.00       0.00       0.08       2.82       3.74
     18527      24.54     -25.17       0.71       0.00       0.00       0.08       3.21       3.74
     18953      26.52     -29.03       0.00       0.00       0.00       0.00       3.12       3.74
     20215      26.54     -29.01       0.00       0.00       0.00       0.00       3.10       3.74
     21405      27.15     -29.62       0.00       0.00       0.00       0.00       3.10       3.74
     21690      27.67     -30.13       0.00       0.00       0.00       0.00       3.10       3.74
     21910      27.67     -30.13       0.00       0.00       0.00       0.00       3.10       3.74
--------------------------------------------------------------------------------
Best docking solution after GA:
     22000      27.67     -30.13       0.00       0.00       0.00       0.00       3.10       3.74

#ops:      22000 #mutates:  10525 #cross:    10384 #migrate:   1091 
#dups:     11289 #niche:     9500 #errors:    4504 
--------------------------------------------------------------------------------

Doing AMOEBA simplex on best individual
Done simplexing #iterations 1337, best score  33.83

Ligand is stored in gold_soln_meppep_m1_4.sdf


--------------------------------------------------------------------------------
--- CHEMPLP breakdown of terms                                               ---
--------------------------------------------------------------------------------
CHEMPLP = - ( 1.0000*S(PLP) + -3.0000*S(hbond) + -6.0000*S(metal) + -3.0000*S(cho) )

Score = CHEMPLP - 1.0000*DE(clash) - 2.0000*DE(tors)

Internal energy term has been corrected with the best internal energy encountered.

--------------------------------------------------------------------------------


     Score     S(PLP)   S(hbond)     S(cho)   S(metal)  DE(clash)   DE(tors)     intcor
     33.83     -35.47       0.00       0.00       0.00       0.06       2.66       3.74

--------------------------------------------------------------------------------
--- PLP analysis of protein-ligand interactions                              ---
--------------------------------------------------------------------------------
hydrogen bonding        :       0.00
metal                   :       0.00
buried (polar-nonpolar) :      -3.02
nonpolar                :     -33.01
repulsive               :       0.11
--------------------------------------------------------------------------------


--------------------------------------------------------------------------------
--- ChemScore analysis of protein-ligand interactions                        ---
--------------------------------------------------------------------------------

* Hydrogen bonds                                                                


* CH..O interactions                                                            
  CH group selection                       : activated ring CH (adjacent to hetatom)

--------------------------------------------------------------------------------


--------------------------------------------------------------------------------
--- Intra-ligand clashes                                                     ---
--------------------------------------------------------------------------------

Ligand
 29 (**** ) -  25 (**** ):   0.03 (dist   2.75)
 31 (**** ) -  30 (**** ):   0.06 (dist   2.75)
--------------------------------------------------------------------------------


--------------------------------------------------------------------------------
--- Chromosome decoded                                                       ---
--------------------------------------------------------------------------------
Ligand Torsions
[   1    2    3    4]   56.07
[   6    7    8    9] -116.53
[  12   11   10    9]  127.56
[  13   12   11   10]  -78.70
[  15   14   12   11]    4.45
[  20   22   23   24]    9.69    matched torsion: T345
[  28   27   26   25]  -68.28
Protein Torsions
[1932    1    2    3]   -5.43 
[1726  314  313  311]   58.77 
[1619  347  346  344]  -45.32 
[1600  369  368  365]  -61.95 
[2112  410  409  407]  170.87 
[2483  607  606  603]   74.06 
[2515  623  622  621]  140.89 
Mapping
Ligand acceptors to protein hydrogens (mapping then atom ids)
  1   4 [  2->1929]
  2  34 [ 11->2515]
  3  22 [ 21->2149]
Chromosome values
Integers:
   3   33   21 
--------------------------------------------------------------------------------

Current Ranking  1  3  2  4

--------------------------------------------------------------------------------

* GA execution time :                                                           
  total  0.0003 user  0.0003 sys  0.0000

--------------------------------------------------------------------------------
Fitness function evaluations: 61393

--------------------------------------------------------------------------------
** Docking run number  5 **
--------------------------------------------------------------------------------
  Rank fitness base is 5000.00 ; increment is 11.2233

* Initialising population(s) ...                                                
Number of constraints mappings 0
Number of constraints 0
  Population no.                           :      1
  Population size                          :    100
  Number of duplicates                     :      0
  Number of niche violations               :      0
  Number of errors                         :  11630

Number of constraints mappings 0
Number of constraints 0
  Population no.                           :      2
  Population size                          :    100
  Number of duplicates                     :      0
  Number of niche violations               :      0
  Number of errors                         :  11253


Doing GA, no. of population(s) 2 size 100 selection pressure 1.100000

 Operation      Score     S(PLP)   S(hbond)     S(cho)   S(metal)  DE(clash)   DE(tors)     intcor
         0     -11.67     -22.69       0.00       0.00       0.00      31.26       3.42       3.74
        97      -0.19     -12.42       0.00       0.00       0.00       8.29       4.03       3.74
       201       0.81     -12.91       0.00       0.00       0.00       8.29       3.77       3.74
      1030       7.37     -10.82       0.00       0.00       0.00       0.00       3.60       3.74
      1744       7.38     -13.88       0.01       0.00       0.00       0.31       4.97       3.74
      1806       7.49     -13.75       0.00       0.00       0.00       4.16       2.92       3.74
      1981      12.74     -16.69       0.00       0.00       0.00       0.00       3.84       3.74
      2314      13.07     -16.74       0.00       0.00       0.00       0.38       3.51       3.74
      2619      13.68     -16.85       0.00       0.00       0.00       0.00       3.46       3.74
      3288      13.87     -16.39       0.00       0.00       0.00       0.00       3.13       3.74
      3404      14.66     -17.10       0.00       0.00       0.00       0.23       2.97       3.74
      3450      23.93     -27.33       0.00       0.00       0.00       0.00       3.57       3.74
      4632      24.46     -27.86       0.00       0.00       0.00       0.00       3.57       3.74
     10862      24.78     -28.18       0.00       0.00       0.00       0.00       3.57       3.74
     13242      25.74     -28.61       0.00       0.00       0.00       0.00       3.31       3.74
     14811      25.79     -28.97       0.00       0.00       0.00       0.00       3.46       3.74
     16035      25.83     -28.97       0.00       0.00       0.00       0.00       3.44       3.74
     19170      26.10     -28.54       0.00       0.00       0.00       0.78       2.70       3.74
     19861      28.23     -29.91       0.00       0.00       0.00       0.00       2.71       3.74
     20970      29.96     -31.25       0.00       0.00       0.00       0.20       2.41       3.74
--------------------------------------------------------------------------------
Best docking solution after GA:
     22000      29.96     -31.25       0.00       0.00       0.00       0.20       2.41       3.74

#ops:      22000 #mutates:  10327 #cross:    10580 #migrate:   1093 
#dups:     11526 #niche:     9471 #errors:    4503 
--------------------------------------------------------------------------------

Doing AMOEBA simplex on best individual
Done simplexing #iterations 1173, best score  37.03

Ligand is stored in gold_soln_meppep_m1_5.sdf


--------------------------------------------------------------------------------
--- CHEMPLP breakdown of terms                                               ---
--------------------------------------------------------------------------------
CHEMPLP = - ( 1.0000*S(PLP) + -3.0000*S(hbond) + -6.0000*S(metal) + -3.0000*S(cho) )

Score = CHEMPLP - 1.0000*DE(clash) - 2.0000*DE(tors)

Internal energy term has been corrected with the best internal energy encountered.

--------------------------------------------------------------------------------


     Score     S(PLP)   S(hbond)     S(cho)   S(metal)  DE(clash)   DE(tors)     intcor
     37.03     -37.96       0.00       0.00       0.00       0.00       2.34       3.74

--------------------------------------------------------------------------------
--- PLP analysis of protein-ligand interactions                              ---
--------------------------------------------------------------------------------
hydrogen bonding        :       0.00
metal                   :       0.00
buried (polar-nonpolar) :      -0.88
nonpolar                :     -37.42
repulsive               :       0.17
--------------------------------------------------------------------------------


--------------------------------------------------------------------------------
--- ChemScore analysis of protein-ligand interactions                        ---
--------------------------------------------------------------------------------

* Hydrogen bonds                                                                


* CH..O interactions                                                            
  CH group selection                       : activated ring CH (adjacent to hetatom)

--------------------------------------------------------------------------------


--------------------------------------------------------------------------------
--- Intra-ligand clashes                                                     ---
--------------------------------------------------------------------------------

Ligand
--------------------------------------------------------------------------------


--------------------------------------------------------------------------------
--- Chromosome decoded                                                       ---
--------------------------------------------------------------------------------
Ligand Torsions
[   1    2    3    4]   -0.25
[   6    7    8    9] -108.24
[  12   11   10    9]  155.85
[  13   12   11   10]  132.37
[  15   14   12   11]  -20.96
[  20   22   23   24] -170.36    matched torsion: T345
[  28   27   26   25]  111.40
Protein Torsions
[1932    1    2    3]   84.40 
[1726  314  313  311]   84.42 
[1619  347  346  344]  -49.30 
[1600  369  368  365]   16.64 
[2112  410  409  407]   99.74 
[2483  607  606  603] -123.84 
[2515  623  622  621]   15.09 
Mapping
Ligand acceptors to protein hydrogens (mapping then atom ids)
  1  21 [  2->2112]
  2  16 [ 11->1611]
  3  39 [ 21->3253]
Chromosome values
Integers:
  20   15   38 
--------------------------------------------------------------------------------

Current Ranking  1  3  2  5  4

--------------------------------------------------------------------------------

* GA execution time :                                                           
  total  0.9993 user  0.9993 sys  0.0000

--------------------------------------------------------------------------------
Fitness function evaluations: 61127

--------------------------------------------------------------------------------
** Docking run number  6 **
--------------------------------------------------------------------------------
  Rank fitness base is 5000.00 ; increment is 11.2233

* Initialising population(s) ...                                                
Number of constraints mappings 0
Number of constraints 0
  Population no.                           :      1
  Population size                          :    100
  Number of duplicates                     :      0
  Number of niche violations               :      1
  Number of errors                         :  11428

Number of constraints mappings 0
Number of constraints 0
  Population no.                           :      2
  Population size                          :    100
  Number of duplicates                     :      0
  Number of niche violations               :      0
  Number of errors                         :  11609


Doing GA, no. of population(s) 2 size 100 selection pressure 1.100000

 Operation      Score     S(PLP)   S(hbond)     S(cho)   S(metal)  DE(clash)   DE(tors)     intcor
         0       1.77      -1.13       2.00       0.00       0.00       0.00       4.55       3.74
      1321       7.77     -12.12       0.00       0.00       0.00       0.00       4.04       3.74
      2255      11.86     -17.78       0.00       0.00       0.00       0.52       4.57       3.74
      2472      12.85     -20.32       0.00       0.00       0.00       4.80       3.21       3.74
      2521      16.84     -17.78       1.00       0.00       0.00       3.02       2.33       3.74
      3167      17.05     -21.36       0.17       0.00       0.00       3.85       2.36       3.74
      3314      17.99     -25.59       0.00       0.00       0.00       4.80       3.27       3.74
      3434      19.09     -25.43       0.19       0.00       0.00       4.80       2.93       3.74
      4300      22.68     -29.38       0.08       0.00       0.00       4.80       2.93       3.74
      5232      22.76     -29.45       0.08       0.00       0.00       4.80       2.93       3.74
      5710      22.98     -29.69       0.08       0.00       0.00       4.80       2.94       3.74
      6220      23.90     -30.43       0.15       0.00       0.00       4.80       2.96       3.74
      6429      23.98     -30.42       0.09       0.00       0.00       4.68       2.88       3.74
      6471      24.20     -30.55       0.11       0.00       0.00       4.68       2.87       3.74
      6859      24.42     -27.35       0.11       0.00       0.00       0.00       3.50       3.74
      7064      24.75     -30.68       0.07       0.00       0.00       3.85       3.01       3.74
      7130      26.83     -29.73       0.14       0.00       0.00       0.00       3.54       3.74
      9440      27.91     -31.58       0.11       0.00       0.00       1.15       3.30       3.74
     15086      27.97     -31.53       0.15       0.00       0.00       1.15       3.30       3.74
     15376      28.77     -31.93       0.15       0.00       0.00       0.00       3.68       3.74
     18672      28.84     -31.57       0.12       0.00       0.00       0.19       3.32       3.74
     20133      29.09     -31.91       0.04       0.00       0.00       0.00       3.34       3.74
     20470      29.63     -31.89       0.12       0.00       0.00       0.19       3.08       3.74
     21112      30.26     -31.82       0.06       0.00       0.00       0.00       2.73       3.74
     21665      30.54     -33.24       0.04       0.00       0.00       0.00       3.29       3.74
     21913      30.85     -33.41       0.04       0.00       0.00       0.00       3.22       3.74
--------------------------------------------------------------------------------
Best docking solution after GA:
     22000      30.85     -33.41       0.04       0.00       0.00       0.00       3.22       3.74

#ops:      22000 #mutates:  10382 #cross:    10571 #migrate:   1047 
#dups:     11288 #niche:    10032 #errors:    4347 
--------------------------------------------------------------------------------

Doing AMOEBA simplex on best individual
Done simplexing #iterations 1710, best score  39.87

Ligand is stored in gold_soln_meppep_m1_6.sdf


--------------------------------------------------------------------------------
--- CHEMPLP breakdown of terms                                               ---
--------------------------------------------------------------------------------
CHEMPLP = - ( 1.0000*S(PLP) + -3.0000*S(hbond) + -6.0000*S(metal) + -3.0000*S(cho) )

Score = CHEMPLP - 1.0000*DE(clash) - 2.0000*DE(tors)

Internal energy term has been corrected with the best internal energy encountered.

--------------------------------------------------------------------------------


     Score     S(PLP)   S(hbond)     S(cho)   S(metal)  DE(clash)   DE(tors)     intcor
     39.87     -39.81       0.94       0.00       0.00       0.15       3.18       3.74

--------------------------------------------------------------------------------
--- PLP analysis of protein-ligand interactions                              ---
--------------------------------------------------------------------------------
hydrogen bonding        :      -1.00
metal                   :       0.00
buried (polar-nonpolar) :      -3.94
nonpolar                :     -35.79
repulsive               :       0.10
--------------------------------------------------------------------------------


--------------------------------------------------------------------------------
--- ChemScore analysis of protein-ligand interactions                        ---
--------------------------------------------------------------------------------

* Hydrogen bonds                                                                
Protein donor  642 hydrogen 3253 Ligand acceptor    2 bond energy  1.00 wt 0.94


* CH..O interactions                                                            
  CH group selection                       : activated ring CH (adjacent to hetatom)

--------------------------------------------------------------------------------


--------------------------------------------------------------------------------
--- Intra-ligand clashes                                                     ---
--------------------------------------------------------------------------------

Ligand
 24 (**** ) -   7 (**** ):   0.15 (dist   3.00)
--------------------------------------------------------------------------------


--------------------------------------------------------------------------------
--- Chromosome decoded                                                       ---
--------------------------------------------------------------------------------
Ligand Torsions
[   1    2    3    4]   50.07
[   6    7    8    9]   71.65
[  12   11   10    9]  104.89
[  13   12   11   10]   99.59
[  15   14   12   11]  -12.38
[  20   22   23   24]  172.70    matched torsion: T345
[  28   27   26   25]  111.54
Protein Torsions
[1932    1    2    3] -160.40 
[1726  314  313  311]   14.32 
[1619  347  346  344]  177.70 
[1600  369  368  365]  149.17 
[2112  410  409  407]  136.72 
[2483  607  606  603]   37.67 
[2515  623  622  621]  -18.64 
Mapping
Ligand acceptors to protein hydrogens (mapping then atom ids)
  1  39 [  2->3253]
  2  34 [ 11->2515]
  3   1 [ 21->1932]
Chromosome values
Integers:
  38   33    0 
--------------------------------------------------------------------------------

Current Ranking  1  3  6  2  5  4

--------------------------------------------------------------------------------

* GA execution time :                                                           
  total  0.0003 user  0.0003 sys  0.0000

--------------------------------------------------------------------------------
Fitness function evaluations: 61979

--------------------------------------------------------------------------------
** Docking run number  7 **
--------------------------------------------------------------------------------
  Rank fitness base is 5000.00 ; increment is 11.2233

* Initialising population(s) ...                                                
Number of constraints mappings 0
Number of constraints 0
  Population no.                           :      1
  Population size                          :    100
  Number of duplicates                     :      0
  Number of niche violations               :      0
  Number of errors                         :  11408

Number of constraints mappings 0
Number of constraints 0
  Population no.                           :      2
  Population size                          :    100
  Number of duplicates                     :      0
  Number of niche violations               :      0
  Number of errors                         :  11707


Doing GA, no. of population(s) 2 size 100 selection pressure 1.100000

 Operation      Score     S(PLP)   S(hbond)     S(cho)   S(metal)  DE(clash)   DE(tors)     intcor
         0     -34.73      30.88       0.08       0.00       0.00       0.00       3.91       3.74
        65      -8.07      -4.54       1.00       0.00       0.00      12.04       3.66       3.74
      1161      -7.94      -4.53       0.00       0.00       0.00      10.66       2.77       3.74
      1217       8.09     -14.40       0.00       0.00       0.00       0.00       5.02       3.74
      1363       9.13     -15.44       0.00       0.00       0.00       0.00       5.02       3.74
      3220      10.41     -15.19       0.00       0.00       0.00       0.00       4.26       3.74
      3609      11.16     -16.81       0.00       0.00       0.00       0.45       4.47       3.74
      3973      11.65     -17.30       0.00       0.00       0.00       0.45       4.47       3.74
      4497      13.58     -18.91       0.00       0.00       0.00       0.00       4.53       3.74
      4660      13.61     -18.30       0.00       0.00       0.00       0.44       3.99       3.74
      5783      15.15     -19.78       0.00       0.00       0.00       0.25       4.05       3.74
      6327      15.43     -19.24       0.00       0.00       0.00       0.30       3.63       3.74
      6515      15.50     -20.13       0.00       0.00       0.00       0.25       4.06       3.74
      6534      16.38     -19.17       0.00       0.00       0.00       0.34       3.09       3.74
      6745      16.55     -20.05       0.00       0.00       0.00       0.11       3.57       3.74
      7421      16.62     -20.08       0.00       0.00       0.00       0.05       3.57       3.74
      7551      16.62     -20.08       0.00       0.00       0.00       0.05       3.57       3.74
      7635      16.69     -20.23       0.00       0.00       0.00       0.10       3.59       3.74
      7679      16.99     -20.17       0.00       0.00       0.00       0.11       3.40       3.74
      8440      17.94     -21.52       0.00       0.00       0.00       0.00       3.66       3.74
      8733      20.16     -22.53       0.28       0.00       0.00       0.05       3.45       3.74
     11491      21.15     -21.98       0.15       0.00       0.00       0.00       2.51       3.74
     11859      26.52     -28.51       0.28       0.00       0.00       0.00       3.28       3.74
     12736      27.24     -28.87       0.29       0.00       0.00       0.00       3.12       3.74
     17263      27.98     -29.73       0.25       0.00       0.00       0.00       3.12       3.74
     21324      28.03     -29.78       0.27       0.00       0.00       0.00       3.15       3.74
     21773      28.47     -29.70       0.25       0.00       0.00       0.00       2.86       3.74
--------------------------------------------------------------------------------
Best docking solution after GA:
     22000      28.47     -29.70       0.25       0.00       0.00       0.00       2.86       3.74

#ops:      22000 #mutates:  10508 #cross:    10417 #migrate:   1075 
#dups:     10955 #niche:     9603 #errors:    4374 
--------------------------------------------------------------------------------

Doing AMOEBA simplex on best individual
Done simplexing #iterations 1230, best score  40.39

Ligand is stored in gold_soln_meppep_m1_7.sdf


--------------------------------------------------------------------------------
--- CHEMPLP breakdown of terms                                               ---
--------------------------------------------------------------------------------
CHEMPLP = - ( 1.0000*S(PLP) + -3.0000*S(hbond) + -6.0000*S(metal) + -3.0000*S(cho) )

Score = CHEMPLP - 1.0000*DE(clash) - 2.0000*DE(tors)

Internal energy term has been corrected with the best internal energy encountered.

--------------------------------------------------------------------------------


     Score     S(PLP)   S(hbond)     S(cho)   S(metal)  DE(clash)   DE(tors)     intcor
     40.39     -40.32       0.72       0.00       0.00       0.00       2.91       3.74

--------------------------------------------------------------------------------
--- PLP analysis of protein-ligand interactions                              ---
--------------------------------------------------------------------------------
hydrogen bonding        :      -1.00
metal                   :       0.00
buried (polar-nonpolar) :      -2.33
nonpolar                :     -38.05
repulsive               :       0.29
--------------------------------------------------------------------------------


--------------------------------------------------------------------------------
--- ChemScore analysis of protein-ligand interactions                        ---
--------------------------------------------------------------------------------

* Hydrogen bonds                                                                
Protein donor  446 hydrogen 2149 Ligand acceptor   21 bond energy  1.00 wt 0.72


* CH..O interactions                                                            
  CH group selection                       : activated ring CH (adjacent to hetatom)

--------------------------------------------------------------------------------


--------------------------------------------------------------------------------
--- Intra-ligand clashes                                                     ---
--------------------------------------------------------------------------------

Ligand
--------------------------------------------------------------------------------


--------------------------------------------------------------------------------
--- Chromosome decoded                                                       ---
--------------------------------------------------------------------------------
Ligand Torsions
[   1    2    3    4]   45.95
[   6    7    8    9] -108.25
[  12   11   10    9]   52.23
[  13   12   11   10]    9.74
[  15   14   12   11] -154.78
[  20   22   23   24] -150.29    matched torsion: T345
[  28   27   26   25]   69.69
Protein Torsions
[1932    1    2    3]  105.77 
[1726  314  313  311]  175.30 
[1619  347  346  344] -165.05 
[1600  369  368  365]   -2.92 
[2112  410  409  407]  -90.55 
[2483  607  606  603]  167.34 
[2515  623  622  621]   73.72 
Mapping
Ligand acceptors to protein hydrogens (mapping then atom ids)
  1  39 [  2->3253]
  2  36 [ 11->2517]
  3  22 [ 21->2149]
Chromosome values
Integers:
  38   35   21 
--------------------------------------------------------------------------------

Current Ranking  1  3  7  6  2  5  4

--------------------------------------------------------------------------------

* GA execution time :                                                           
  total  0.0003 user  0.0003 sys  0.0000

--------------------------------------------------------------------------------
Fitness function evaluations: 61465

--------------------------------------------------------------------------------
** Docking run number  8 **
--------------------------------------------------------------------------------
  Rank fitness base is 5000.00 ; increment is 11.2233

* Initialising population(s) ...                                                
Number of constraints mappings 0
Number of constraints 0
  Population no.                           :      1
  Population size                          :    100
  Number of duplicates                     :      0
  Number of niche violations               :      0
  Number of errors                         :  11396

Number of constraints mappings 0
Number of constraints 0
  Population no.                           :      2
  Population size                          :    100
  Number of duplicates                     :      0
  Number of niche violations               :      0
  Number of errors                         :  11158


Doing GA, no. of population(s) 2 size 100 selection pressure 1.100000

 Operation      Score     S(PLP)   S(hbond)     S(cho)   S(metal)  DE(clash)   DE(tors)     intcor
         0     -20.13       3.20       0.00       0.00       0.00      13.68       3.49       3.74
        93     -19.95      -3.97       0.22       0.00       0.00      22.88       2.72       3.74
        94       7.23     -24.16       0.00       0.00       0.00      13.68       3.49       3.74
      1372      17.19     -21.52       0.00       0.00       0.00       0.00       4.03       3.74
      2106      17.70     -21.96       0.00       0.00       0.00       0.00       4.00       3.74
      3301      17.80     -23.28       0.00       0.00       0.00       0.37       4.42       3.74
      3973      18.59     -23.77       0.00       0.00       0.00       0.01       4.45       3.74
      5886      19.95     -22.00       0.00       0.00       0.00       0.25       2.77       3.74
      6854      20.96     -23.18       0.00       0.00       0.00       0.00       2.98       3.74
      9300      21.14     -23.17       0.00       0.00       0.00       0.00       2.88       3.74
      9523      21.32     -23.35       0.00       0.00       0.00       0.00       2.88       3.74
     10073      21.80     -23.83       0.00       0.00       0.00       0.00       2.88       3.74
     11122      21.83     -24.33       0.00       0.00       0.00       0.65       2.80       3.74
     11855      22.28     -23.69       0.00       0.00       0.00       0.00       2.57       3.74
     13506      22.29     -23.73       0.00       0.00       0.00       0.00       2.59       3.74
     16492      24.82     -26.53       0.00       0.00       0.00       0.00       2.72       3.74
     18360      25.32     -27.03       0.00       0.00       0.00       0.00       2.72       3.74
     20965      25.33     -25.67       0.13       0.00       0.00       0.23       2.12       3.74
     21215      25.42     -25.64       0.13       0.00       0.00       0.05       2.14       3.74
     21375      25.57     -27.95       0.00       0.00       0.00       0.00       3.06       3.74
     21557      25.63     -27.83       0.00       0.00       0.00       0.00       2.97       3.74
     21675      25.85     -28.15       0.00       0.00       0.00       0.00       3.02       3.74
--------------------------------------------------------------------------------
Best docking solution after GA:
     22000      25.85     -28.15       0.00       0.00       0.00       0.00       3.02       3.74

#ops:      22000 #mutates:  10507 #cross:    10386 #migrate:   1107 
#dups:     11167 #niche:     9363 #errors:    4222 
--------------------------------------------------------------------------------

Doing AMOEBA simplex on best individual
Done simplexing #iterations 1785, best score  41.04

Ligand is stored in gold_soln_meppep_m1_8.sdf


--------------------------------------------------------------------------------
--- CHEMPLP breakdown of terms                                               ---
--------------------------------------------------------------------------------
CHEMPLP = - ( 1.0000*S(PLP) + -3.0000*S(hbond) + -6.0000*S(metal) + -3.0000*S(cho) )

Score = CHEMPLP - 1.0000*DE(clash) - 2.0000*DE(tors)

Internal energy term has been corrected with the best internal energy encountered.

--------------------------------------------------------------------------------


     Score     S(PLP)   S(hbond)     S(cho)   S(metal)  DE(clash)   DE(tors)     intcor
     41.04     -41.29       0.00       0.00       0.00       0.00       2.00       3.74

--------------------------------------------------------------------------------
--- PLP analysis of protein-ligand interactions                              ---
--------------------------------------------------------------------------------
hydrogen bonding        :      -1.42
metal                   :       0.00
buried (polar-nonpolar) :      -4.31
nonpolar                :     -36.71
repulsive               :       0.18
--------------------------------------------------------------------------------


--------------------------------------------------------------------------------
--- ChemScore analysis of protein-ligand interactions                        ---
--------------------------------------------------------------------------------

* Hydrogen bonds                                                                


* CH..O interactions                                                            
  CH group selection                       : activated ring CH (adjacent to hetatom)

--------------------------------------------------------------------------------


--------------------------------------------------------------------------------
--- Intra-ligand clashes                                                     ---
--------------------------------------------------------------------------------

Ligand
--------------------------------------------------------------------------------


--------------------------------------------------------------------------------
--- Chromosome decoded                                                       ---
--------------------------------------------------------------------------------
Ligand Torsions
[   1    2    3    4]   50.89
[   6    7    8    9] -132.05
[  12   11   10    9]   -3.45
[  13   12   11   10]   56.28
[  15   14   12   11]   -0.25
[  20   22   23   24] -150.31    matched torsion: T345
[  28   27   26   25]  -68.38
Protein Torsions
[1932    1    2    3]  -95.70 
[1726  314  313  311]  -72.77 
[1619  347  346  344]  -95.37 
[1600  369  368  365]  -13.73 
[2112  410  409  407]  -32.40 
[2483  607  606  603]  123.38 
[2515  623  622  621]  -90.61 
Mapping
Ligand acceptors to protein hydrogens (mapping then atom ids)
  1  39 [  2->3253]
  2   4 [ 11->1929]
  3  35 [ 21->2516]
Chromosome values
Integers:
  38    3   34 
--------------------------------------------------------------------------------

Current Ranking  1  3  8  7  6  2  5  4

--------------------------------------------------------------------------------

* GA execution time :                                                           
  total  0.0003 user  0.0003 sys  0.0000

--------------------------------------------------------------------------------
Fitness function evaluations: 61341

--------------------------------------------------------------------------------
** Docking run number  9 **
--------------------------------------------------------------------------------
  Rank fitness base is 5000.00 ; increment is 11.2233

* Initialising population(s) ...                                                
Number of constraints mappings 0
Number of constraints 0
  Population no.                           :      1
  Population size                          :    100
  Number of duplicates                     :      0
  Number of niche violations               :      0
  Number of errors                         :  11241

Number of constraints mappings 0
Number of constraints 0
  Population no.                           :      2
  Population size                          :    100
  Number of duplicates                     :      0
  Number of niche violations               :      0
  Number of errors                         :  11589


Doing GA, no. of population(s) 2 size 100 selection pressure 1.100000

 Operation      Score     S(PLP)   S(hbond)     S(cho)   S(metal)  DE(clash)   DE(tors)     intcor
         0     -37.88       4.08       0.00       0.00       0.00      32.51       2.51       3.74
       121     -24.18      -1.54       0.00       0.00       0.00      24.07       2.69       3.74
       203     -16.38     -14.06       0.18       0.00       0.00      25.83       4.45       3.74
       286     -12.06      -4.14       1.72       0.00       0.00      19.71       2.69       3.74
       339       3.54     -21.30       1.60       0.00       0.00      20.88       2.71       3.74
       352      10.63      -9.21       2.14       0.00       0.00       2.43       3.16       3.74
      1322      10.67      -9.23       2.14       0.00       0.00       2.43       3.14       3.74
      1671      17.32     -20.16       0.00       0.00       0.00       0.25       3.16       3.74
      3209      17.33     -20.18       0.00       0.00       0.00       0.25       3.16       3.74
      3575      18.29     -20.96       0.00       0.00       0.00       0.05       3.18       3.74
      3581      18.59     -21.27       0.00       0.00       0.00       0.05       3.19       3.74
      3824      19.90     -20.18       0.00       0.00       0.00       0.00       2.01       3.74
      4735      24.98     -27.85       0.00       0.00       0.00       0.71       2.95       3.74
      8568      25.60     -27.84       0.00       0.00       0.00       0.00       2.99       3.74
     13432      25.63     -28.00       0.00       0.00       0.00       0.00       2.99       3.60
     13623      25.99     -29.79       0.00       0.00       0.00       0.00       3.70       3.60
     15140      26.34     -28.73       0.00       0.00       0.00       0.00       2.99       3.58
     16142      26.35     -28.73       0.00       0.00       0.00       0.00       2.97       3.57
     17560      26.57     -28.95       0.00       0.00       0.00       0.00       2.97       3.57
     19602      26.60     -28.98       0.00       0.00       0.00       0.00       2.97       3.55
     20348      26.62     -28.91       0.00       0.00       0.00       0.00       2.92       3.55
     21010      26.69     -29.16       0.00       0.00       0.00       0.00       3.01       3.55
     21681      26.90     -29.99       0.00       0.00       0.00       0.00       3.32       3.55
     21903      26.99     -30.17       0.00       0.00       0.00       0.00       3.37       3.55
--------------------------------------------------------------------------------
Best docking solution after GA:
     22000      26.99     -30.17       0.00       0.00       0.00       0.00       3.37       3.55

#ops:      22000 #mutates:  10476 #cross:    10448 #migrate:   1076 
#dups:     11292 #niche:     9523 #errors:    4569 
--------------------------------------------------------------------------------

Doing AMOEBA simplex on best individual
AMOEBA simplex failed to converge after 2000 iterations
Done simplexing #iterations 2000, best score  42.57

Ligand is stored in gold_soln_meppep_m1_9.sdf


--------------------------------------------------------------------------------
--- CHEMPLP breakdown of terms                                               ---
--------------------------------------------------------------------------------
CHEMPLP = - ( 1.0000*S(PLP) + -3.0000*S(hbond) + -6.0000*S(metal) + -3.0000*S(cho) )

Score = CHEMPLP - 1.0000*DE(clash) - 2.0000*DE(tors)

Internal energy term has been corrected with the best internal energy encountered.

--------------------------------------------------------------------------------


     Score     S(PLP)   S(hbond)     S(cho)   S(metal)  DE(clash)   DE(tors)     intcor
     42.57     -45.34       0.02       0.00       0.00       0.18       3.10       3.55

--------------------------------------------------------------------------------
--- PLP analysis of protein-ligand interactions                              ---
--------------------------------------------------------------------------------
hydrogen bonding        :      -1.86
metal                   :       0.00
buried (polar-nonpolar) :      -3.70
nonpolar                :     -41.27
repulsive               :       0.29
--------------------------------------------------------------------------------


--------------------------------------------------------------------------------
--- ChemScore analysis of protein-ligand interactions                        ---
--------------------------------------------------------------------------------

* Hydrogen bonds                                                                
Protein donor  455 hydrogen 2145 Ligand acceptor    2 bond energy  1.00 wt 0.02


* CH..O interactions                                                            
  CH group selection                       : activated ring CH (adjacent to hetatom)

--------------------------------------------------------------------------------


--------------------------------------------------------------------------------
--- Intra-ligand clashes                                                     ---
--------------------------------------------------------------------------------

Ligand
 24 (**** ) -   6 (**** ):   0.08 (dist   3.00)
 29 (**** ) -  25 (**** ):   0.13 (dist   2.75)
 31 (**** ) -  30 (**** ):   0.18 (dist   2.75)
--------------------------------------------------------------------------------


--------------------------------------------------------------------------------
--- Chromosome decoded                                                       ---
--------------------------------------------------------------------------------
Ligand Torsions
[   1    2    3    4]  -68.47
[   6    7    8    9]  107.31
[  12   11   10    9]  157.52
[  13   12   11   10]   86.11
[  15   14   12   11]  145.51
[  20   22   23   24] -162.83    matched torsion: T345
[  28   27   26   25]  -68.23
Protein Torsions
[1932    1    2    3]  -22.46 
[1726  314  313  311]  104.09 
[1619  347  346  344]   51.08 
[1600  369  368  365]  -75.27 
[2112  410  409  407]  169.13 
[2483  607  606  603]   56.14 
[2515  623  622  621] -119.44 
Mapping
Ligand acceptors to protein hydrogens (mapping then atom ids)
  1  22 [  2->2149]
  2  35 [ 11->2516]
  3   4 [ 21->1929]
Chromosome values
Integers:
  21   34    3 
--------------------------------------------------------------------------------

Current Ranking  1  9  3  8  7  6  2  5  4

--------------------------------------------------------------------------------

* GA execution time :                                                           
  total  0.9993 user  0.9993 sys  0.0000

--------------------------------------------------------------------------------
Fitness function evaluations: 62049

--------------------------------------------------------------------------------
** Docking run number 10 **
--------------------------------------------------------------------------------
  Rank fitness base is 5000.00 ; increment is 11.2233

* Initialising population(s) ...                                                
Number of constraints mappings 0
Number of constraints 0
  Population no.                           :      1
  Population size                          :    100
  Number of duplicates                     :      0
  Number of niche violations               :      0
  Number of errors                         :  11274

Number of constraints mappings 0
Number of constraints 0
  Population no.                           :      2
  Population size                          :    100
  Number of duplicates                     :      0
  Number of niche violations               :      0
  Number of errors                         :  11660


Doing GA, no. of population(s) 2 size 100 selection pressure 1.100000

 Operation      Score     S(PLP)   S(hbond)     S(cho)   S(metal)  DE(clash)   DE(tors)     intcor
         0       9.83     -13.09       0.06       0.00       0.00       0.00       3.50       3.55
       205      10.38     -13.58       0.08       0.00       0.00       0.00       3.50       3.55
      1706      10.43     -20.26       0.00       0.00       0.00       8.21       2.59       3.55
      2148      10.93     -14.16       0.07       0.00       0.00       0.00       3.50       3.55
      2598      11.49     -14.93       0.00       0.00       0.00       0.00       3.50       3.55
      2819      12.41     -19.58       1.37       0.00       0.00       6.03       4.41       3.55
      3122      12.53     -14.37       0.00       0.00       0.00       0.00       2.70       3.55
      3191      14.64     -19.87       1.37       0.00       0.00       4.02       4.45       3.55
      4479      15.54     -18.59       0.13       0.00       0.00       0.00       3.50       3.55
      4794      20.82     -24.62       0.00       0.00       0.00       2.64       2.36       3.55
      6745      20.86     -24.66       0.00       0.00       0.00       2.64       2.36       3.55
      6987      22.28     -22.69       1.37       0.00       0.00       0.10       4.00       3.55
      8553      22.31     -24.89       0.00       0.00       0.00       0.00       3.07       3.55
      8715      22.46     -24.87       0.00       0.00       0.00       0.00       2.98       3.55
     10381      22.53     -24.80       0.00       0.00       0.00       0.00       2.92       3.55
     10681      22.58     -29.00       0.00       0.00       0.00       0.81       4.58       3.55
     10689      22.68     -28.22       0.00       0.00       0.00       0.81       4.14       3.55
     10773      24.10     -25.50       0.00       0.00       0.00       0.00       2.47       3.55
     10963      24.48     -31.18       0.00       0.00       0.00       0.71       4.77       3.55
     12655      24.58     -30.85       0.00       0.00       0.00       0.00       4.91       3.55
     12697      25.16     -31.42       0.00       0.00       0.00       0.71       4.55       3.55
     13759      25.26     -31.09       0.00       0.00       0.00       0.00       4.69       3.55
     14665      25.76     -32.02       0.00       0.00       0.00       0.71       4.55       3.55
     14873      25.79     -32.04       0.00       0.00       0.00       0.71       4.55       3.55
     15313      26.03     -32.23       0.00       0.00       0.00       0.71       4.52       3.55
     15379      26.16     -31.84       0.00       0.00       0.00       0.00       4.62       3.55
     15904      26.19     -31.87       0.00       0.00       0.00       0.00       4.62       3.55
     16638      26.19     -31.87       0.00       0.00       0.00       0.00       4.62       3.55
     17010      27.69     -33.13       0.00       0.00       0.00       0.00       4.50       3.55
     19026      27.79     -25.76       1.42       0.00       0.00       0.13       2.83       3.55
     19810      27.84     -33.27       0.00       0.00       0.00       0.00       4.49       3.55
     21160      28.14     -25.75       1.42       0.00       0.00       0.13       2.65       3.55
--------------------------------------------------------------------------------
Best docking solution after GA:
     22000      28.14     -25.75       1.42       0.00       0.00       0.13       2.65       3.55

#ops:      22000 #mutates:  10343 #cross:    10548 #migrate:   1109 
#dups:     11419 #niche:     9614 #errors:    4251 
--------------------------------------------------------------------------------

Doing AMOEBA simplex on best individual
Done simplexing #iterations 1126, best score  38.65

Ligand is stored in gold_soln_meppep_m1_10.sdf


--------------------------------------------------------------------------------
--- CHEMPLP breakdown of terms                                               ---
--------------------------------------------------------------------------------
CHEMPLP = - ( 1.0000*S(PLP) + -3.0000*S(hbond) + -6.0000*S(metal) + -3.0000*S(cho) )

Score = CHEMPLP - 1.0000*DE(clash) - 2.0000*DE(tors)

Internal energy term has been corrected with the best internal energy encountered.

--------------------------------------------------------------------------------


     Score     S(PLP)   S(hbond)     S(cho)   S(metal)  DE(clash)   DE(tors)     intcor
     38.65     -34.16       2.00       0.00       0.00       0.00       2.53       3.55

--------------------------------------------------------------------------------
--- PLP analysis of protein-ligand interactions                              ---
--------------------------------------------------------------------------------
hydrogen bonding        :      -1.87
metal                   :       0.00
buried (polar-nonpolar) :      -4.03
nonpolar                :     -28.84
repulsive               :       0.02
--------------------------------------------------------------------------------


--------------------------------------------------------------------------------
--- ChemScore analysis of protein-ligand interactions                        ---
--------------------------------------------------------------------------------

* Hydrogen bonds                                                                
Protein donor  464 hydrogen 3252 Ligand acceptor   11 bond energy  1.00 wt 1.00
Protein donor  607 hydrogen 2483 Ligand acceptor   21 bond energy  1.00 wt 1.00


* CH..O interactions                                                            
  CH group selection                       : activated ring CH (adjacent to hetatom)

--------------------------------------------------------------------------------


--------------------------------------------------------------------------------
--- Intra-ligand clashes                                                     ---
--------------------------------------------------------------------------------

Ligand
 24 (**** ) -   7 (**** ):   0.00 (dist   3.00)
--------------------------------------------------------------------------------


--------------------------------------------------------------------------------
--- Chromosome decoded                                                       ---
--------------------------------------------------------------------------------
Ligand Torsions
[   1    2    3    4]  -70.59
[   6    7    8    9]   95.64
[  12   11   10    9]  -40.56
[  13   12   11   10]   45.61
[  15   14   12   11]    2.65
[  20   22   23   24] -171.10    matched torsion: T345
[  28   27   26   25]  -68.36
Protein Torsions
[1932    1    2    3]   27.21 
[1726  314  313  311]  -35.30 
[1619  347  346  344] -178.33 
[1600  369  368  365]   37.18 
[2112  410  409  407]  127.50 
[2483  607  606  603]  177.48 
[2515  623  622  621]  -80.53 
Mapping
Ligand acceptors to protein hydrogens (mapping then atom ids)
  1  36 [  2->2517]
  2  34 [ 11->2515]
  3  31 [ 21->2483]
Chromosome values
Integers:
  35   33   30 
--------------------------------------------------------------------------------

Current Ranking  1  9  3  8  7  6  2 10  5  4

--------------------------------------------------------------------------------

* GA execution time :                                                           
  total  0.0003 user  0.0003 sys  0.0000

--------------------------------------------------------------------------------
Fitness function evaluations: 61112

--------------------------------------------------------------------------------
--- Ranking analysis                                                         ---
--------------------------------------------------------------------------------


* Final ranked order of GA solutions:                                           
   1  9  3  8  7  6  2 10  5  4 

  _______________________________
  RMSD Matrix of RANKED solutions

        2    3    4    5    6    7    8    9   10  

   1 :  7.2 11.9  8.2  1.9 10.4  1.9 11.0 10.9  2.0
   2 :      10.4  5.7  7.1  6.4  7.0 10.6  9.2  7.0
   3 :           11.9 12.3  9.6 12.4  4.2 14.1 11.4
   4 :                 7.8  7.6  7.6 12.0  9.8  7.9
   5 :                     10.5  0.9 11.2 11.4  2.6
   6 :                          10.3  9.5 11.8  9.5
   7 :                               11.4 11.1  2.8
   8 :                                    15.6 10.1
   9 :                                         11.2

  Clustering method                        : complete linkage
  Structure ids in cluster table           : rank nos.
  Ordering of clusters and their members   : by rank (order if from rms_analysis)

  Distance | Clusters
   0.90    |  1 |  2 |  3 |  4 |  5  7 |  6 |  8 |  9 | 10 |
   1.91    |  1  5  7 |  2 |  3 |  4 |  6 |  8 |  9 | 10 |
   2.77    |  1  5  7 10 |  2 |  3 |  4 |  6 |  8 |  9 |
   4.21    |  1  5  7 10 |  2 |  3  8 |  4 |  6 |  9 |
   5.69    |  1  5  7 10 |  2  4 |  3  8 |  6 |  9 |
   7.59    |  1  5  7 10 |  2  4  6 |  3  8 |  9 |
  10.49    |  1  2  4  5  6  7 10 |  3  8 |  9 |
  11.80    |  1  2  4  5  6  7  9 10 |  3  8 |
  15.61    |  1  2  3  4  5  6  7  8  9 10 |
  Finished Docking Ligand                  : C:/Users/noviasari/My Research/Re-docking/GOLD/meppep.sdf
--------------------------------------------------------------------------------

  Relative_Ligand_Energy (best encountered) :   3.553
  Relative_Ligand_Energy: fitness values have been corrected using this amount
